TN:
SF:src/repository/mockCatalog.repository.ts
FN:5,create
FN:13,update
FN:16,delete
FN:19,find
FN:22,findOne
FNF:5
FNH:2
FNDA:1,create
FNDA:1,update
FNDA:0,delete
FNDA:0,find
FNDA:0,findOne
DA:1,1
DA:2,1
DA:3,1
DA:4,1
DA:5,1
DA:6,1
DA:7,1
DA:8,1
DA:9,1
DA:10,1
DA:11,1
DA:12,1
DA:13,1
DA:14,1
DA:15,1
DA:16,1
DA:17,0
DA:18,0
DA:19,1
DA:20,0
DA:21,0
DA:22,1
DA:23,0
DA:24,0
DA:25,1
LF:25
LH:19
BRDA:5,0,0,1
BRDA:13,1,0,1
BRF:2
BRH:2
end_of_record
TN:
SF:src/services/catalog.service.ts
FN:5,CatalogService
FN:8,createProduct
FN:16,updateProduct
FN:22,deleteProduct
FN:24,getProductList
FN:30,getProduct
FNF:6
FNH:5
FNDA:9,CatalogService
FNDA:3,createProduct
FNDA:2,updateProduct
FNDA:0,deleteProduct
FNDA:2,getProductList
FNDA:2,getProduct
DA:1,1
DA:2,1
DA:3,1
DA:4,1
DA:5,1
DA:6,9
DA:7,9
DA:8,1
DA:9,3
DA:10,3
DA:11,1
DA:12,1
DA:13,1
DA:14,1
DA:15,1
DA:16,1
DA:17,2
DA:18,1
DA:19,1
DA:20,1
DA:21,1
DA:22,1
DA:23,1
DA:24,1
DA:25,2
DA:26,1
DA:27,1
DA:28,1
DA:29,1
DA:30,1
DA:31,2
DA:32,1
DA:33,1
DA:34,1
LF:34
LH:34
BRDA:5,0,0,9
BRDA:8,1,0,3
BRDA:10,2,0,2
BRDA:10,3,0,1
BRDA:16,4,0,2
BRDA:18,5,0,1
BRDA:24,6,0,2
BRDA:26,7,0,1
BRDA:30,8,0,2
BRDA:32,9,0,1
BRF:10
BRH:10
end_of_record
